20180927073104.549: _legacy.py: 154: publishToNewObserver: CRITICAL: Unhandled error in Deferred:
20180927073104.550: _legacy.py: 154: publishToNewObserver: CRITICAL: 
20180927073318.447: _legacy.py: 154: publishToNewObserver: CRITICAL: Unhandled error in Deferred:
20180927073318.447: _legacy.py: 154: publishToNewObserver: CRITICAL: 
20180927073437.119: utils.py: 147: ensure_tables: INFO: Tables: credihealth_crawl - credihealth_sections Already Exist.
20180927073437.134: deprecate.py: 156: update_classpath: WARNING: /usr/local/lib/python2.7/dist-packages/scrapy/utils/deprecate.py:156: ScrapyDeprecationWarning: `scrapy.contrib.downloadermiddleware.useragent.UserAgentMiddleware` class is deprecated, use `scrapy.downloadermiddlewares.useragent.UserAgentMiddleware` instead
  ScrapyDeprecationWarning)

20180927073437.303: middleware.py: 53: from_settings: INFO: Enabled downloader middlewares:
['scrapy.downloadermiddlewares.robotstxt.RobotsTxtMiddleware',
 'scrapy.downloadermiddlewares.httpauth.HttpAuthMiddleware',
 'scrapy.downloadermiddlewares.downloadtimeout.DownloadTimeoutMiddleware',
 'scrapy.downloadermiddlewares.defaultheaders.DefaultHeadersMiddleware',
 'juicer.utils.RandomUserAgentMiddleware',
 'scrapy.downloadermiddlewares.retry.RetryMiddleware',
 'scrapy.downloadermiddlewares.redirect.MetaRefreshMiddleware',
 'scrapy.downloadermiddlewares.httpcompression.HttpCompressionMiddleware',
 'scrapy.downloadermiddlewares.redirect.RedirectMiddleware',
 'scrapy.downloadermiddlewares.cookies.CookiesMiddleware',
 'scrapy.downloadermiddlewares.stats.DownloaderStats',
 'scrapy.downloadermiddlewares.httpcache.HttpCacheMiddleware']
20180927073437.307: middleware.py: 53: from_settings: INFO: Enabled spider middlewares:
['scrapy.spidermiddlewares.httperror.HttpErrorMiddleware',
 'scrapy.spidermiddlewares.offsite.OffsiteMiddleware',
 'scrapy.spidermiddlewares.referer.RefererMiddleware',
 'scrapy.spidermiddlewares.urllength.UrlLengthMiddleware',
 'scrapy.spidermiddlewares.depth.DepthMiddleware',
 'juicer.utils.SpiderMiddleware']
20180927073437.349: middleware.py: 53: from_settings: INFO: Enabled item pipelines:
['juicer.pipelines.JuicerPipeline']
20180927073437.350: engine.py: 258: open_spider: INFO: Spider opened
20180927073437.352: logstats.py: 48: log: INFO: Crawled 0 pages (at 0 pages/min), scraped 0 items (at 0 items/min)
20180927073438.21: engine.py: 240: _on_success: DEBUG: Crawled (200) <GET https://www.credihealth.com/robots.txt> (referer: None)
20180927073447.454: retry.py: 68: _retry: DEBUG: Retrying <GET https://www.credihealth.com/doctors/india> (failed 1 times): Connection was refused by other side: 111: Connection refused.
20180927073457.332: retry.py: 68: _retry: DEBUG: Retrying <GET https://www.credihealth.com/doctors/india> (failed 2 times): Connection was refused by other side: 111: Connection refused.
20180927073505.121: retry.py: 68: _retry: DEBUG: Retrying <GET https://www.credihealth.com/doctors/india> (failed 3 times): Connection was refused by other side: 111: Connection refused.
20180927073516.482: retry.py: 68: _retry: DEBUG: Retrying <GET https://www.credihealth.com/doctors/india> (failed 4 times): Connection was refused by other side: 111: Connection refused.
20180927073529.977: retry.py: 68: _retry: DEBUG: Retrying <GET https://www.credihealth.com/doctors/india> (failed 5 times): Connection was refused by other side: 111: Connection refused.
20180927073537.352: logstats.py: 48: log: INFO: Crawled 1 pages (at 1 pages/min), scraped 0 items (at 0 items/min)
20180927073540.39: retry.py: 68: _retry: DEBUG: Retrying <GET https://www.credihealth.com/doctors/india> (failed 6 times): Connection was refused by other side: 111: Connection refused.
20180927073553.253: retry.py: 68: _retry: DEBUG: Retrying <GET https://www.credihealth.com/doctors/india> (failed 7 times): Connection was refused by other side: 111: Connection refused.
20180927073606.834: retry.py: 68: _retry: DEBUG: Retrying <GET https://www.credihealth.com/doctors/india> (failed 8 times): Connection was refused by other side: 111: Connection refused.
20180927073618.930: retry.py: 68: _retry: DEBUG: Retrying <GET https://www.credihealth.com/doctors/india> (failed 9 times): Connection was refused by other side: 111: Connection refused.
20180927073631.423: retry.py: 68: _retry: DEBUG: Retrying <GET https://www.credihealth.com/doctors/india> (failed 10 times): Connection was refused by other side: 111: Connection refused.
20180927073637.352: logstats.py: 48: log: INFO: Crawled 1 pages (at 0 pages/min), scraped 0 items (at 0 items/min)
20180927073646.241: retry.py: 77: _retry: DEBUG: Gave up retrying <GET https://www.credihealth.com/doctors/india> (failed 11 times): Connection was refused by other side: 111: Connection refused.
20180927073646.341: scraper.py: 214: _log_download_errors: ERROR: Error downloading <GET https://www.credihealth.com/doctors/india>: Connection was refused by other side: 111: Connection refused.
20180927073646.442: engine.py: 297: close_spider: INFO: Closing spider (finished)
20180927073646.442: utils.py: 107: close_conn: INFO: Close MySQL Cursor Function Called
20180927073646.442: utils.py: 109: close_conn: INFO: Successfully Closed MySQL Connection
20180927073646.444: statscollectors.py: 47: close_spider: INFO: Dumping Scrapy stats:
{'downloader/exception_count': 11,
 'downloader/exception_type_count/twisted.internet.error.ConnectionRefusedError': 11,
 'downloader/request_bytes': 3333,
 'downloader/request_count': 12,
 'downloader/request_method_count/GET': 12,
 'downloader/response_bytes': 1054,
 'downloader/response_count': 1,
 'downloader/response_status_count/200': 1,
 'finish_reason': 'finished',
 'finish_time': datetime.datetime(2018, 9, 27, 11, 36, 46, 442598),
 'httpcache/firsthand': 1,
 'httpcache/miss': 12,
 'httpcache/store': 1,
 'log_count/ERROR': 1,
 'log_count/INFO': 12,
 'log_count/WARNING': 1,
 'response_received_count': 1,
 'scheduler/dequeued': 11,
 'scheduler/dequeued/memory': 11,
 'scheduler/enqueued': 11,
 'scheduler/enqueued/memory': 11,
 'start_time': datetime.datetime(2018, 9, 27, 11, 34, 37, 352433)}
20180927073646.444: engine.py: 328: <lambda>: INFO: Spider closed (finished)
20180927073705.827: utils.py: 145: ensure_tables: INFO: Tables: credihealth_crawl - credihealth_sections Already Exist.
20180927073705.830: deprecate.py: 156: update_classpath: WARNING: /usr/local/lib/python2.7/dist-packages/scrapy/utils/deprecate.py:156: ScrapyDeprecationWarning: `scrapy.contrib.downloadermiddleware.useragent.UserAgentMiddleware` class is deprecated, use `scrapy.downloadermiddlewares.useragent.UserAgentMiddleware` instead
  ScrapyDeprecationWarning)

20180927073705.851: middleware.py: 53: from_settings: INFO: Enabled downloader middlewares:
['scrapy.downloadermiddlewares.robotstxt.RobotsTxtMiddleware',
 'scrapy.downloadermiddlewares.httpauth.HttpAuthMiddleware',
 'scrapy.downloadermiddlewares.downloadtimeout.DownloadTimeoutMiddleware',
 'scrapy.downloadermiddlewares.defaultheaders.DefaultHeadersMiddleware',
 'juicer.utils.RandomUserAgentMiddleware',
 'scrapy.downloadermiddlewares.retry.RetryMiddleware',
 'scrapy.downloadermiddlewares.redirect.MetaRefreshMiddleware',
 'scrapy.downloadermiddlewares.httpcompression.HttpCompressionMiddleware',
 'scrapy.downloadermiddlewares.redirect.RedirectMiddleware',
 'scrapy.downloadermiddlewares.cookies.CookiesMiddleware',
 'scrapy.downloadermiddlewares.stats.DownloaderStats',
 'scrapy.downloadermiddlewares.httpcache.HttpCacheMiddleware']
20180927073705.853: middleware.py: 53: from_settings: INFO: Enabled spider middlewares:
['scrapy.spidermiddlewares.httperror.HttpErrorMiddleware',
 'scrapy.spidermiddlewares.offsite.OffsiteMiddleware',
 'scrapy.spidermiddlewares.referer.RefererMiddleware',
 'scrapy.spidermiddlewares.urllength.UrlLengthMiddleware',
 'scrapy.spidermiddlewares.depth.DepthMiddleware',
 'juicer.utils.SpiderMiddleware']
20180927073705.858: middleware.py: 53: from_settings: INFO: Enabled item pipelines:
['juicer.pipelines.JuicerPipeline']
20180927073705.858: engine.py: 258: open_spider: INFO: Spider opened
20180927073705.860: logstats.py: 48: log: INFO: Crawled 0 pages (at 0 pages/min), scraped 0 items (at 0 items/min)
20180927073705.863: engine.py: 240: _on_success: DEBUG: Crawled (200) <GET https://www.credihealth.com/robots.txt> (referer: None) ['cached']
20180927073708.496: engine.py: 240: _on_success: DEBUG: Crawled (200) <GET https://www.credihealth.com/doctors/india> (referer: None)
20180927073708.607: scraper.py: 158: handle_spider_error: ERROR: Spider error processing <GET https://www.credihealth.com/doctors/india> (referer: None)
Traceback (most recent call last):
  File "/usr/local/lib/python2.7/dist-packages/twisted/internet/defer.py", line 588, in _runCallbacks
    current.result = callback(current.result, *args, **kw)
  File "/usr/local/lib/python2.7/dist-packages/scrapy/core/spidermw.py", line 64, in process_spider_output
    result = method(response=response, result=result, spider=spider)
  File "/root/Practo/juicer/utils.py", line 537, in process_spider_output
    result = list(result)
  File "/root/Practo/juicer/spiders/credhealth_browse.py", line 21, in parse
    city_links = sel.xpath(city_lks).extract()
NameError: global name 'city_lks' is not defined
20180927073708.773: engine.py: 297: close_spider: INFO: Closing spider (finished)
20180927073708.774: utils.py: 107: close_conn: INFO: Close MySQL Cursor Function Called
20180927073708.774: utils.py: 109: close_conn: INFO: Successfully Closed MySQL Connection
20180927073708.775: statscollectors.py: 47: close_spider: INFO: Dumping Scrapy stats:
{'downloader/request_bytes': 553,
 'downloader/request_count': 2,
 'downloader/request_method_count/GET': 2,
 'downloader/response_bytes': 418292,
 'downloader/response_count': 2,
 'downloader/response_status_count/200': 2,
 'finish_reason': 'finished',
 'finish_time': datetime.datetime(2018, 9, 27, 11, 37, 8, 774519),
 'httpcache/firsthand': 1,
 'httpcache/hit': 1,
 'httpcache/miss': 1,
 'httpcache/store': 1,
 'log_count/ERROR': 1,
 'log_count/INFO': 10,
 'log_count/WARNING': 1,
 'response_received_count': 2,
 'scheduler/dequeued': 1,
 'scheduler/dequeued/memory': 1,
 'scheduler/enqueued': 1,
 'scheduler/enqueued/memory': 1,
 'spider_exceptions/NameError': 1,
 'start_time': datetime.datetime(2018, 9, 27, 11, 37, 5, 861082)}
20180927073708.776: engine.py: 328: <lambda>: INFO: Spider closed (finished)
20180927073752.753: utils.py: 145: ensure_tables: INFO: Tables: credihealth_crawl - credihealth_sections Already Exist.
20180927073752.755: deprecate.py: 156: update_classpath: WARNING: /usr/local/lib/python2.7/dist-packages/scrapy/utils/deprecate.py:156: ScrapyDeprecationWarning: `scrapy.contrib.downloadermiddleware.useragent.UserAgentMiddleware` class is deprecated, use `scrapy.downloadermiddlewares.useragent.UserAgentMiddleware` instead
  ScrapyDeprecationWarning)

20180927073752.774: middleware.py: 53: from_settings: INFO: Enabled downloader middlewares:
['scrapy.downloadermiddlewares.robotstxt.RobotsTxtMiddleware',
 'scrapy.downloadermiddlewares.httpauth.HttpAuthMiddleware',
 'scrapy.downloadermiddlewares.downloadtimeout.DownloadTimeoutMiddleware',
 'scrapy.downloadermiddlewares.defaultheaders.DefaultHeadersMiddleware',
 'juicer.utils.RandomUserAgentMiddleware',
 'scrapy.downloadermiddlewares.retry.RetryMiddleware',
 'scrapy.downloadermiddlewares.redirect.MetaRefreshMiddleware',
 'scrapy.downloadermiddlewares.httpcompression.HttpCompressionMiddleware',
 'scrapy.downloadermiddlewares.redirect.RedirectMiddleware',
 'scrapy.downloadermiddlewares.cookies.CookiesMiddleware',
 'scrapy.downloadermiddlewares.stats.DownloaderStats',
 'scrapy.downloadermiddlewares.httpcache.HttpCacheMiddleware']
20180927073752.775: middleware.py: 53: from_settings: INFO: Enabled spider middlewares:
['scrapy.spidermiddlewares.httperror.HttpErrorMiddleware',
 'scrapy.spidermiddlewares.offsite.OffsiteMiddleware',
 'scrapy.spidermiddlewares.referer.RefererMiddleware',
 'scrapy.spidermiddlewares.urllength.UrlLengthMiddleware',
 'scrapy.spidermiddlewares.depth.DepthMiddleware',
 'juicer.utils.SpiderMiddleware']
20180927073752.781: middleware.py: 53: from_settings: INFO: Enabled item pipelines:
['juicer.pipelines.JuicerPipeline']
20180927073752.782: engine.py: 258: open_spider: INFO: Spider opened
20180927073752.784: logstats.py: 48: log: INFO: Crawled 0 pages (at 0 pages/min), scraped 0 items (at 0 items/min)
20180927073752.786: engine.py: 240: _on_success: DEBUG: Crawled (200) <GET https://www.credihealth.com/robots.txt> (referer: None) ['cached']
20180927073752.790: engine.py: 240: _on_success: DEBUG: Crawled (200) <GET https://www.credihealth.com/doctors/india> (referer: None) ['cached']
20180927073752.902: engine.py: 240: _on_success: DEBUG: Crawled (200) <GET https://www.credihealth.com/doctors/india> (referer: https://www.credihealth.com/doctors/india) ['cached']
20180927073753.18: engine.py: 297: close_spider: INFO: Closing spider (finished)
20180927073753.18: utils.py: 107: close_conn: INFO: Close MySQL Cursor Function Called
20180927073753.19: utils.py: 109: close_conn: INFO: Successfully Closed MySQL Connection
20180927073753.20: statscollectors.py: 47: close_spider: INFO: Dumping Scrapy stats:
{'downloader/request_bytes': 992,
 'downloader/request_count': 3,
 'downloader/request_method_count/GET': 3,
 'downloader/response_bytes': 835530,
 'downloader/response_count': 3,
 'downloader/response_status_count/200': 3,
 'finish_reason': 'finished',
 'finish_time': datetime.datetime(2018, 9, 27, 11, 37, 53, 18665),
 'httpcache/hit': 3,
 'log_count/INFO': 10,
 'log_count/WARNING': 1,
 'request_depth_max': 1,
 'response_received_count': 3,
 'scheduler/dequeued': 2,
 'scheduler/dequeued/memory': 2,
 'scheduler/enqueued': 2,
 'scheduler/enqueued/memory': 2,
 'start_time': datetime.datetime(2018, 9, 27, 11, 37, 52, 784255)}
20180927073753.20: engine.py: 328: <lambda>: INFO: Spider closed (finished)
20180927073821.106: utils.py: 145: ensure_tables: INFO: Tables: credihealth_crawl - credihealth_sections Already Exist.
20180927073821.109: deprecate.py: 156: update_classpath: WARNING: /usr/local/lib/python2.7/dist-packages/scrapy/utils/deprecate.py:156: ScrapyDeprecationWarning: `scrapy.contrib.downloadermiddleware.useragent.UserAgentMiddleware` class is deprecated, use `scrapy.downloadermiddlewares.useragent.UserAgentMiddleware` instead
  ScrapyDeprecationWarning)

20180927073821.133: middleware.py: 53: from_settings: INFO: Enabled downloader middlewares:
['scrapy.downloadermiddlewares.robotstxt.RobotsTxtMiddleware',
 'scrapy.downloadermiddlewares.httpauth.HttpAuthMiddleware',
 'scrapy.downloadermiddlewares.downloadtimeout.DownloadTimeoutMiddleware',
 'scrapy.downloadermiddlewares.defaultheaders.DefaultHeadersMiddleware',
 'juicer.utils.RandomUserAgentMiddleware',
 'scrapy.downloadermiddlewares.retry.RetryMiddleware',
 'scrapy.downloadermiddlewares.redirect.MetaRefreshMiddleware',
 'scrapy.downloadermiddlewares.httpcompression.HttpCompressionMiddleware',
 'scrapy.downloadermiddlewares.redirect.RedirectMiddleware',
 'scrapy.downloadermiddlewares.cookies.CookiesMiddleware',
 'scrapy.downloadermiddlewares.stats.DownloaderStats',
 'scrapy.downloadermiddlewares.httpcache.HttpCacheMiddleware']
20180927073821.134: middleware.py: 53: from_settings: INFO: Enabled spider middlewares:
['scrapy.spidermiddlewares.httperror.HttpErrorMiddleware',
 'scrapy.spidermiddlewares.offsite.OffsiteMiddleware',
 'scrapy.spidermiddlewares.referer.RefererMiddleware',
 'scrapy.spidermiddlewares.urllength.UrlLengthMiddleware',
 'scrapy.spidermiddlewares.depth.DepthMiddleware',
 'juicer.utils.SpiderMiddleware']
20180927073821.139: middleware.py: 53: from_settings: INFO: Enabled item pipelines:
['juicer.pipelines.JuicerPipeline']
20180927073821.583: utils.py: 193: get_terminal_requests: INFO: Total Sks Picked From Crawl Tables: 0
20180927073821.583: engine.py: 258: open_spider: INFO: Spider opened
20180927073821.588: logstats.py: 48: log: INFO: Crawled 0 pages (at 0 pages/min), scraped 0 items (at 0 items/min)
20180927073821.590: engine.py: 297: close_spider: INFO: Closing spider (finished)
20180927073821.590: utils.py: 107: close_conn: INFO: Close MySQL Cursor Function Called
20180927073821.591: utils.py: 109: close_conn: INFO: Successfully Closed MySQL Connection
20180927073821.592: statscollectors.py: 47: close_spider: INFO: Dumping Scrapy stats:
{'finish_reason': 'finished',
 'finish_time': datetime.datetime(2018, 9, 27, 11, 38, 21, 590744),
 'log_count/INFO': 11,
 'log_count/WARNING': 1,
 'start_time': datetime.datetime(2018, 9, 27, 11, 38, 21, 588472)}
20180927073821.592: engine.py: 328: <lambda>: INFO: Spider closed (finished)
20180927073952.577: utils.py: 145: ensure_tables: INFO: Tables: lybrate_crawl - lybrate_sections Already Exist.
20180927073952.580: deprecate.py: 156: update_classpath: WARNING: /usr/local/lib/python2.7/dist-packages/scrapy/utils/deprecate.py:156: ScrapyDeprecationWarning: `scrapy.contrib.downloadermiddleware.useragent.UserAgentMiddleware` class is deprecated, use `scrapy.downloadermiddlewares.useragent.UserAgentMiddleware` instead
  ScrapyDeprecationWarning)

20180927073952.612: middleware.py: 53: from_settings: INFO: Enabled downloader middlewares:
['scrapy.downloadermiddlewares.robotstxt.RobotsTxtMiddleware',
 'scrapy.downloadermiddlewares.httpauth.HttpAuthMiddleware',
 'scrapy.downloadermiddlewares.downloadtimeout.DownloadTimeoutMiddleware',
 'scrapy.downloadermiddlewares.defaultheaders.DefaultHeadersMiddleware',
 'juicer.utils.RandomUserAgentMiddleware',
 'scrapy.downloadermiddlewares.retry.RetryMiddleware',
 'scrapy.downloadermiddlewares.redirect.MetaRefreshMiddleware',
 'scrapy.downloadermiddlewares.httpcompression.HttpCompressionMiddleware',
 'scrapy.downloadermiddlewares.redirect.RedirectMiddleware',
 'scrapy.downloadermiddlewares.cookies.CookiesMiddleware',
 'scrapy.downloadermiddlewares.stats.DownloaderStats',
 'scrapy.downloadermiddlewares.httpcache.HttpCacheMiddleware']
20180927073952.615: middleware.py: 53: from_settings: INFO: Enabled spider middlewares:
['scrapy.spidermiddlewares.httperror.HttpErrorMiddleware',
 'scrapy.spidermiddlewares.offsite.OffsiteMiddleware',
 'scrapy.spidermiddlewares.referer.RefererMiddleware',
 'scrapy.spidermiddlewares.urllength.UrlLengthMiddleware',
 'scrapy.spidermiddlewares.depth.DepthMiddleware',
 'juicer.utils.SpiderMiddleware']
20180927073952.622: middleware.py: 53: from_settings: INFO: Enabled item pipelines:
['juicer.pipelines.JuicerPipeline']
20180927073952.622: engine.py: 258: open_spider: INFO: Spider opened
20180927073952.625: logstats.py: 48: log: INFO: Crawled 0 pages (at 0 pages/min), scraped 0 items (at 0 items/min)
20180927073952.627: engine.py: 297: close_spider: INFO: Closing spider (finished)
20180927073952.627: utils.py: 107: close_conn: INFO: Close MySQL Cursor Function Called
20180927073952.629: utils.py: 109: close_conn: INFO: Successfully Closed MySQL Connection
20180927073952.629: statscollectors.py: 47: close_spider: INFO: Dumping Scrapy stats:
{'finish_reason': 'finished',
 'finish_time': datetime.datetime(2018, 9, 27, 11, 39, 52, 627795),
 'log_count/INFO': 10,
 'log_count/WARNING': 1,
 'start_time': datetime.datetime(2018, 9, 27, 11, 39, 52, 625907)}
20180927073952.630: engine.py: 328: <lambda>: INFO: Spider closed (finished)
20180927074037.849: utils.py: 145: ensure_tables: INFO: Tables: lybrate_crawl - lybrate_sections Already Exist.
20180927074037.853: deprecate.py: 156: update_classpath: WARNING: /usr/local/lib/python2.7/dist-packages/scrapy/utils/deprecate.py:156: ScrapyDeprecationWarning: `scrapy.contrib.downloadermiddleware.useragent.UserAgentMiddleware` class is deprecated, use `scrapy.downloadermiddlewares.useragent.UserAgentMiddleware` instead
  ScrapyDeprecationWarning)

20180927074037.877: middleware.py: 53: from_settings: INFO: Enabled downloader middlewares:
['scrapy.downloadermiddlewares.robotstxt.RobotsTxtMiddleware',
 'scrapy.downloadermiddlewares.httpauth.HttpAuthMiddleware',
 'scrapy.downloadermiddlewares.downloadtimeout.DownloadTimeoutMiddleware',
 'scrapy.downloadermiddlewares.defaultheaders.DefaultHeadersMiddleware',
 'juicer.utils.RandomUserAgentMiddleware',
 'scrapy.downloadermiddlewares.retry.RetryMiddleware',
 'scrapy.downloadermiddlewares.redirect.MetaRefreshMiddleware',
 'scrapy.downloadermiddlewares.httpcompression.HttpCompressionMiddleware',
 'scrapy.downloadermiddlewares.redirect.RedirectMiddleware',
 'scrapy.downloadermiddlewares.cookies.CookiesMiddleware',
 'scrapy.downloadermiddlewares.stats.DownloaderStats',
 'scrapy.downloadermiddlewares.httpcache.HttpCacheMiddleware']
20180927074037.878: middleware.py: 53: from_settings: INFO: Enabled spider middlewares:
['scrapy.spidermiddlewares.httperror.HttpErrorMiddleware',
 'scrapy.spidermiddlewares.offsite.OffsiteMiddleware',
 'scrapy.spidermiddlewares.referer.RefererMiddleware',
 'scrapy.spidermiddlewares.urllength.UrlLengthMiddleware',
 'scrapy.spidermiddlewares.depth.DepthMiddleware',
 'juicer.utils.SpiderMiddleware']
20180927074037.886: middleware.py: 53: from_settings: INFO: Enabled item pipelines:
['juicer.pipelines.JuicerPipeline']
20180927074037.886: engine.py: 258: open_spider: INFO: Spider opened
20180927074037.890: logstats.py: 48: log: INFO: Crawled 0 pages (at 0 pages/min), scraped 0 items (at 0 items/min)
20180927074038.629: engine.py: 240: _on_success: DEBUG: Crawled (200) <GET https://www.lybrate.com/robots.txt> (referer: None)
20180927074050.858: engine.py: 240: _on_success: DEBUG: Crawled (200) <GET https://www.lybrate.com/get/ba/doctors/facet/v2?ampPage=false&cityName=India&currentLocation=false&ffR=false&find=&isClinicSearch=false&isHospitalSearch=false&near=&page=1&seoRequest=false&sortBy=BMS&source=FNB&totalPages=&zipSearch=false> (referer: None)
20180927074102.832: engine.py: 240: _on_success: DEBUG: Crawled (200) <GET https://www.lybrate.com/get/ba/doctors/facet/v2?ampPage=false&cityName=warangal&currentLocation=false&ffR=false&find=&isClinicSearch=false&%20%20%20%20isHospitalSearch=false&near=&page=6&seoRequest=false&sortBy=BMS&source=FNB&totalPages=&zipSearch=false> (referer: https://www.lybrate.com/get/ba/doctors/facet/v2?ampPage=false&cityName=India&currentLocation=false&ffR=false&find=&isClinicSearch=false&isHospitalSearch=false&near=&page=1&seoRequest=false&sortBy=BMS&source=FNB&totalPages=&zipSearch=false)
20180927074109.323: engine.py: 240: _on_success: DEBUG: Crawled (200) <GET https://www.lybrate.com/get/ba/doctors/facet/v2?ampPage=false&cityName=warangal&currentLocation=false&ffR=false&find=&isClinicSearch=false&%20%20%20%20isHospitalSearch=false&near=&page=5&seoRequest=false&sortBy=BMS&source=FNB&totalPages=&zipSearch=false> (referer: https://www.lybrate.com/get/ba/doctors/facet/v2?ampPage=false&cityName=India&currentLocation=false&ffR=false&find=&isClinicSearch=false&isHospitalSearch=false&near=&page=1&seoRequest=false&sortBy=BMS&source=FNB&totalPages=&zipSearch=false)
20180927074109.428: scraper.py: 158: handle_spider_error: ERROR: Spider error processing <GET https://www.lybrate.com/get/ba/doctors/facet/v2?ampPage=false&cityName=warangal&currentLocation=false&ffR=false&find=&isClinicSearch=false&%20%20%20%20isHospitalSearch=false&near=&page=5&seoRequest=false&sortBy=BMS&source=FNB&totalPages=&zipSearch=false> (referer: https://www.lybrate.com/get/ba/doctors/facet/v2?ampPage=false&cityName=India&currentLocation=false&ffR=false&find=&isClinicSearch=false&isHospitalSearch=false&near=&page=1&seoRequest=false&sortBy=BMS&source=FNB&totalPages=&zipSearch=false)
Traceback (most recent call last):
  File "/usr/local/lib/python2.7/dist-packages/twisted/internet/defer.py", line 588, in _runCallbacks
    current.result = callback(current.result, *args, **kw)
  File "/usr/local/lib/python2.7/dist-packages/scrapy/core/spidermw.py", line 64, in process_spider_output
    result = method(response=response, result=result, spider=spider)
  File "/root/Practo/juicer/utils.py", line 537, in process_spider_output
    result = list(result)
  File "/root/Practo/juicer/spiders/lybrate_doctorsapi_browse.py", line 113, in parse_next
    main_link = feed_li.split('#')[-2]
IndexError: list index out of range
20180927074121.489: engine.py: 240: _on_success: DEBUG: Crawled (200) <GET https://www.lybrate.com/get/ba/doctors/facet/v2?ampPage=false&cityName=warangal&currentLocation=false&ffR=false&find=&isClinicSearch=false&%20%20%20%20isHospitalSearch=false&near=&page=4&seoRequest=false&sortBy=BMS&source=FNB&totalPages=&zipSearch=false> (referer: https://www.lybrate.com/get/ba/doctors/facet/v2?ampPage=false&cityName=India&currentLocation=false&ffR=false&find=&isClinicSearch=false&isHospitalSearch=false&near=&page=1&seoRequest=false&sortBy=BMS&source=FNB&totalPages=&zipSearch=false)
20180927074121.591: scraper.py: 158: handle_spider_error: ERROR: Spider error processing <GET https://www.lybrate.com/get/ba/doctors/facet/v2?ampPage=false&cityName=warangal&currentLocation=false&ffR=false&find=&isClinicSearch=false&%20%20%20%20isHospitalSearch=false&near=&page=4&seoRequest=false&sortBy=BMS&source=FNB&totalPages=&zipSearch=false> (referer: https://www.lybrate.com/get/ba/doctors/facet/v2?ampPage=false&cityName=India&currentLocation=false&ffR=false&find=&isClinicSearch=false&isHospitalSearch=false&near=&page=1&seoRequest=false&sortBy=BMS&source=FNB&totalPages=&zipSearch=false)
Traceback (most recent call last):
  File "/usr/local/lib/python2.7/dist-packages/twisted/internet/defer.py", line 588, in _runCallbacks
    current.result = callback(current.result, *args, **kw)
  File "/usr/local/lib/python2.7/dist-packages/scrapy/core/spidermw.py", line 64, in process_spider_output
    result = method(response=response, result=result, spider=spider)
  File "/root/Practo/juicer/utils.py", line 537, in process_spider_output
    result = list(result)
  File "/root/Practo/juicer/spiders/lybrate_doctorsapi_browse.py", line 113, in parse_next
    main_link = feed_li.split('#')[-2]
IndexError: list index out of range
20180927074134.28: retry.py: 68: _retry: DEBUG: Retrying <GET https://www.lybrate.com/get/ba/doctors/facet/v2?ampPage=false&cityName=warangal&currentLocation=false&ffR=false&find=&isClinicSearch=false&%20%20%20%20isHospitalSearch=false&near=&page=3&seoRequest=false&sortBy=BMS&source=FNB&totalPages=&zipSearch=false> (failed 1 times): Connection was refused by other side: 111: Connection refused.
20180927074137.890: logstats.py: 48: log: INFO: Crawled 5 pages (at 5 pages/min), scraped 0 items (at 0 items/min)
20180927074146.244: engine.py: 240: _on_success: DEBUG: Crawled (200) <GET https://www.lybrate.com/get/ba/doctors/facet/v2?ampPage=false&cityName=warangal&currentLocation=false&ffR=false&find=&isClinicSearch=false&%20%20%20%20isHospitalSearch=false&near=&page=2&seoRequest=false&sortBy=BMS&source=FNB&totalPages=&zipSearch=false> (referer: https://www.lybrate.com/get/ba/doctors/facet/v2?ampPage=false&cityName=India&currentLocation=false&ffR=false&find=&isClinicSearch=false&isHospitalSearch=false&near=&page=1&seoRequest=false&sortBy=BMS&source=FNB&totalPages=&zipSearch=false)
20180927074146.346: scraper.py: 158: handle_spider_error: ERROR: Spider error processing <GET https://www.lybrate.com/get/ba/doctors/facet/v2?ampPage=false&cityName=warangal&currentLocation=false&ffR=false&find=&isClinicSearch=false&%20%20%20%20isHospitalSearch=false&near=&page=2&seoRequest=false&sortBy=BMS&source=FNB&totalPages=&zipSearch=false> (referer: https://www.lybrate.com/get/ba/doctors/facet/v2?ampPage=false&cityName=India&currentLocation=false&ffR=false&find=&isClinicSearch=false&isHospitalSearch=false&near=&page=1&seoRequest=false&sortBy=BMS&source=FNB&totalPages=&zipSearch=false)
Traceback (most recent call last):
  File "/usr/local/lib/python2.7/dist-packages/twisted/internet/defer.py", line 588, in _runCallbacks
    current.result = callback(current.result, *args, **kw)
  File "/usr/local/lib/python2.7/dist-packages/scrapy/core/spidermw.py", line 64, in process_spider_output
    result = method(response=response, result=result, spider=spider)
  File "/root/Practo/juicer/utils.py", line 537, in process_spider_output
    result = list(result)
  File "/root/Practo/juicer/spiders/lybrate_doctorsapi_browse.py", line 113, in parse_next
    main_link = feed_li.split('#')[-2]
IndexError: list index out of range
20180927074159.116: engine.py: 240: _on_success: DEBUG: Crawled (200) <GET https://www.lybrate.com/get/ba/doctors/facet/v2?ampPage=false&cityName=warangal&currentLocation=false&ffR=false&find=&isClinicSearch=false&%20%20%20%20isHospitalSearch=false&near=&page=1&seoRequest=false&sortBy=BMS&source=FNB&totalPages=&zipSearch=false> (referer: https://www.lybrate.com/get/ba/doctors/facet/v2?ampPage=false&cityName=India&currentLocation=false&ffR=false&find=&isClinicSearch=false&isHospitalSearch=false&near=&page=1&seoRequest=false&sortBy=BMS&source=FNB&totalPages=&zipSearch=false)
20180927074159.219: scraper.py: 158: handle_spider_error: ERROR: Spider error processing <GET https://www.lybrate.com/get/ba/doctors/facet/v2?ampPage=false&cityName=warangal&currentLocation=false&ffR=false&find=&isClinicSearch=false&%20%20%20%20isHospitalSearch=false&near=&page=1&seoRequest=false&sortBy=BMS&source=FNB&totalPages=&zipSearch=false> (referer: https://www.lybrate.com/get/ba/doctors/facet/v2?ampPage=false&cityName=India&currentLocation=false&ffR=false&find=&isClinicSearch=false&isHospitalSearch=false&near=&page=1&seoRequest=false&sortBy=BMS&source=FNB&totalPages=&zipSearch=false)
Traceback (most recent call last):
  File "/usr/local/lib/python2.7/dist-packages/twisted/internet/defer.py", line 588, in _runCallbacks
    current.result = callback(current.result, *args, **kw)
  File "/usr/local/lib/python2.7/dist-packages/scrapy/core/spidermw.py", line 64, in process_spider_output
    result = method(response=response, result=result, spider=spider)
  File "/root/Practo/juicer/utils.py", line 537, in process_spider_output
    result = list(result)
  File "/root/Practo/juicer/spiders/lybrate_doctorsapi_browse.py", line 113, in parse_next
    main_link = feed_li.split('#')[-2]
IndexError: list index out of range
20180927074213.572: retry.py: 68: _retry: DEBUG: Retrying <GET https://www.lybrate.com/get/ba/doctors/facet/v2?ampPage=false&cityName=warangal&currentLocation=false&ffR=false&find=&isClinicSearch=false&%20%20%20%20isHospitalSearch=false&near=&page=3&seoRequest=false&sortBy=BMS&source=FNB&totalPages=&zipSearch=false> (failed 2 times): Connection was refused by other side: 111: Connection refused.
20180927074258.313: utils.py: 145: ensure_tables: INFO: Tables: lybrate_crawl - lybrate_sections Already Exist.
20180927074258.316: deprecate.py: 156: update_classpath: WARNING: /usr/local/lib/python2.7/dist-packages/scrapy/utils/deprecate.py:156: ScrapyDeprecationWarning: `scrapy.contrib.downloadermiddleware.useragent.UserAgentMiddleware` class is deprecated, use `scrapy.downloadermiddlewares.useragent.UserAgentMiddleware` instead
  ScrapyDeprecationWarning)

20180927074258.339: middleware.py: 53: from_settings: INFO: Enabled downloader middlewares:
['scrapy.downloadermiddlewares.robotstxt.RobotsTxtMiddleware',
 'scrapy.downloadermiddlewares.httpauth.HttpAuthMiddleware',
 'scrapy.downloadermiddlewares.downloadtimeout.DownloadTimeoutMiddleware',
 'scrapy.downloadermiddlewares.defaultheaders.DefaultHeadersMiddleware',
 'juicer.utils.RandomUserAgentMiddleware',
 'scrapy.downloadermiddlewares.retry.RetryMiddleware',
 'scrapy.downloadermiddlewares.redirect.MetaRefreshMiddleware',
 'scrapy.downloadermiddlewares.httpcompression.HttpCompressionMiddleware',
 'scrapy.downloadermiddlewares.redirect.RedirectMiddleware',
 'scrapy.downloadermiddlewares.cookies.CookiesMiddleware',
 'scrapy.downloadermiddlewares.stats.DownloaderStats',
 'scrapy.downloadermiddlewares.httpcache.HttpCacheMiddleware']
20180927074258.340: middleware.py: 53: from_settings: INFO: Enabled spider middlewares:
['scrapy.spidermiddlewares.httperror.HttpErrorMiddleware',
 'scrapy.spidermiddlewares.offsite.OffsiteMiddleware',
 'scrapy.spidermiddlewares.referer.RefererMiddleware',
 'scrapy.spidermiddlewares.urllength.UrlLengthMiddleware',
 'scrapy.spidermiddlewares.depth.DepthMiddleware',
 'juicer.utils.SpiderMiddleware']
20180927074258.345: middleware.py: 53: from_settings: INFO: Enabled item pipelines:
['juicer.pipelines.JuicerPipeline']
20180927074258.346: engine.py: 258: open_spider: INFO: Spider opened
20180927074258.348: logstats.py: 48: log: INFO: Crawled 0 pages (at 0 pages/min), scraped 0 items (at 0 items/min)
20180927074258.352: engine.py: 240: _on_success: DEBUG: Crawled (200) <GET https://www.lybrate.com/robots.txt> (referer: None) ['cached']
20180927074258.354: engine.py: 240: _on_success: DEBUG: Crawled (200) <GET https://www.lybrate.com/get/ba/doctors/facet/v2?ampPage=false&cityName=India&currentLocation=false&ffR=false&find=&isClinicSearch=false&isHospitalSearch=false&near=&page=1&seoRequest=false&sortBy=BMS&source=FNB&totalPages=&zipSearch=false> (referer: None) ['cached']
20180927074258.463: engine.py: 240: _on_success: DEBUG: Crawled (200) <GET https://www.lybrate.com/get/ba/doctors/facet/v2?ampPage=false&cityName=warangal&currentLocation=false&ffR=false&find=&isClinicSearch=false&%20%20%20%20isHospitalSearch=false&near=&page=6&seoRequest=false&sortBy=BMS&source=FNB&totalPages=&zipSearch=false> (referer: https://www.lybrate.com/get/ba/doctors/facet/v2?ampPage=false&cityName=India&currentLocation=false&ffR=false&find=&isClinicSearch=false&isHospitalSearch=false&near=&page=1&seoRequest=false&sortBy=BMS&source=FNB&totalPages=&zipSearch=false) ['cached']
20180927074258.465: engine.py: 240: _on_success: DEBUG: Crawled (200) <GET https://www.lybrate.com/get/ba/doctors/facet/v2?ampPage=false&cityName=warangal&currentLocation=false&ffR=false&find=&isClinicSearch=false&%20%20%20%20isHospitalSearch=false&near=&page=5&seoRequest=false&sortBy=BMS&source=FNB&totalPages=&zipSearch=false> (referer: https://www.lybrate.com/get/ba/doctors/facet/v2?ampPage=false&cityName=India&currentLocation=false&ffR=false&find=&isClinicSearch=false&isHospitalSearch=false&near=&page=1&seoRequest=false&sortBy=BMS&source=FNB&totalPages=&zipSearch=false) ['cached']
20180927074258.467: engine.py: 240: _on_success: DEBUG: Crawled (200) <GET https://www.lybrate.com/get/ba/doctors/facet/v2?ampPage=false&cityName=warangal&currentLocation=false&ffR=false&find=&isClinicSearch=false&%20%20%20%20isHospitalSearch=false&near=&page=4&seoRequest=false&sortBy=BMS&source=FNB&totalPages=&zipSearch=false> (referer: https://www.lybrate.com/get/ba/doctors/facet/v2?ampPage=false&cityName=India&currentLocation=false&ffR=false&find=&isClinicSearch=false&isHospitalSearch=false&near=&page=1&seoRequest=false&sortBy=BMS&source=FNB&totalPages=&zipSearch=false) ['cached']
20180927074258.473: engine.py: 240: _on_success: DEBUG: Crawled (200) <GET https://www.lybrate.com/get/ba/doctors/facet/v2?ampPage=false&cityName=warangal&currentLocation=false&ffR=false&find=&isClinicSearch=false&%20%20%20%20isHospitalSearch=false&near=&page=2&seoRequest=false&sortBy=BMS&source=FNB&totalPages=&zipSearch=false> (referer: https://www.lybrate.com/get/ba/doctors/facet/v2?ampPage=false&cityName=India&currentLocation=false&ffR=false&find=&isClinicSearch=false&isHospitalSearch=false&near=&page=1&seoRequest=false&sortBy=BMS&source=FNB&totalPages=&zipSearch=false) ['cached']
20180927074258.520: engine.py: 240: _on_success: DEBUG: Crawled (200) <GET https://www.lybrate.com/get/ba/doctors/facet/v2?ampPage=false&cityName=warangal&currentLocation=false&ffR=false&find=&isClinicSearch=false&%20%20%20%20isHospitalSearch=false&near=&page=1&seoRequest=false&sortBy=BMS&source=FNB&totalPages=&zipSearch=false> (referer: https://www.lybrate.com/get/ba/doctors/facet/v2?ampPage=false&cityName=India&currentLocation=false&ffR=false&find=&isClinicSearch=false&isHospitalSearch=false&near=&page=1&seoRequest=false&sortBy=BMS&source=FNB&totalPages=&zipSearch=false) ['cached']
20180927074318.425: scraper.py: 158: handle_spider_error: ERROR: Spider error processing <GET https://www.lybrate.com/get/ba/doctors/facet/v2?ampPage=false&cityName=warangal&currentLocation=false&ffR=false&find=&isClinicSearch=false&%20%20%20%20isHospitalSearch=false&near=&page=5&seoRequest=false&sortBy=BMS&source=FNB&totalPages=&zipSearch=false> (referer: https://www.lybrate.com/get/ba/doctors/facet/v2?ampPage=false&cityName=India&currentLocation=false&ffR=false&find=&isClinicSearch=false&isHospitalSearch=false&near=&page=1&seoRequest=false&sortBy=BMS&source=FNB&totalPages=&zipSearch=false)
Traceback (most recent call last):
  File "/usr/local/lib/python2.7/dist-packages/twisted/internet/defer.py", line 588, in _runCallbacks
    current.result = callback(current.result, *args, **kw)
  File "/usr/local/lib/python2.7/dist-packages/scrapy/core/spidermw.py", line 64, in process_spider_output
    result = method(response=response, result=result, spider=spider)
  File "/root/Practo/juicer/utils.py", line 537, in process_spider_output
    result = list(result)
  File "/root/Practo/juicer/spiders/lybrate_doctorsapi_browse.py", line 114, in parse_next
    main_link = feed_li.split('#')[-2]
IndexError: list index out of range
20180927074320.735: scraper.py: 158: handle_spider_error: ERROR: Spider error processing <GET https://www.lybrate.com/get/ba/doctors/facet/v2?ampPage=false&cityName=warangal&currentLocation=false&ffR=false&find=&isClinicSearch=false&%20%20%20%20isHospitalSearch=false&near=&page=4&seoRequest=false&sortBy=BMS&source=FNB&totalPages=&zipSearch=false> (referer: https://www.lybrate.com/get/ba/doctors/facet/v2?ampPage=false&cityName=India&currentLocation=false&ffR=false&find=&isClinicSearch=false&isHospitalSearch=false&near=&page=1&seoRequest=false&sortBy=BMS&source=FNB&totalPages=&zipSearch=false)
Traceback (most recent call last):
  File "/usr/local/lib/python2.7/dist-packages/twisted/internet/defer.py", line 588, in _runCallbacks
    current.result = callback(current.result, *args, **kw)
  File "/usr/local/lib/python2.7/dist-packages/scrapy/core/spidermw.py", line 64, in process_spider_output
    result = method(response=response, result=result, spider=spider)
  File "/root/Practo/juicer/utils.py", line 537, in process_spider_output
    result = list(result)
  File "/root/Practo/juicer/spiders/lybrate_doctorsapi_browse.py", line 113, in parse_next
    if feed_li:
IndexError: list index out of range
20180927074321.316: scraper.py: 158: handle_spider_error: ERROR: Spider error processing <GET https://www.lybrate.com/get/ba/doctors/facet/v2?ampPage=false&cityName=warangal&currentLocation=false&ffR=false&find=&isClinicSearch=false&%20%20%20%20isHospitalSearch=false&near=&page=2&seoRequest=false&sortBy=BMS&source=FNB&totalPages=&zipSearch=false> (referer: https://www.lybrate.com/get/ba/doctors/facet/v2?ampPage=false&cityName=India&currentLocation=false&ffR=false&find=&isClinicSearch=false&isHospitalSearch=false&near=&page=1&seoRequest=false&sortBy=BMS&source=FNB&totalPages=&zipSearch=false)
Traceback (most recent call last):
  File "/usr/local/lib/python2.7/dist-packages/twisted/internet/defer.py", line 588, in _runCallbacks
    current.result = callback(current.result, *args, **kw)
  File "/usr/local/lib/python2.7/dist-packages/scrapy/core/spidermw.py", line 64, in process_spider_output
    result = method(response=response, result=result, spider=spider)
  File "/root/Practo/juicer/utils.py", line 537, in process_spider_output
    result = list(result)
  File "/root/Practo/juicer/spiders/lybrate_doctorsapi_browse.py", line 113, in parse_next
    if feed_li:
IndexError: list index out of range
20180927074321.763: scraper.py: 158: handle_spider_error: ERROR: Spider error processing <GET https://www.lybrate.com/get/ba/doctors/facet/v2?ampPage=false&cityName=warangal&currentLocation=false&ffR=false&find=&isClinicSearch=false&%20%20%20%20isHospitalSearch=false&near=&page=1&seoRequest=false&sortBy=BMS&source=FNB&totalPages=&zipSearch=false> (referer: https://www.lybrate.com/get/ba/doctors/facet/v2?ampPage=false&cityName=India&currentLocation=false&ffR=false&find=&isClinicSearch=false&isHospitalSearch=false&near=&page=1&seoRequest=false&sortBy=BMS&source=FNB&totalPages=&zipSearch=false)
Traceback (most recent call last):
  File "/usr/local/lib/python2.7/dist-packages/twisted/internet/defer.py", line 588, in _runCallbacks
    current.result = callback(current.result, *args, **kw)
  File "/usr/local/lib/python2.7/dist-packages/scrapy/core/spidermw.py", line 64, in process_spider_output
    result = method(response=response, result=result, spider=spider)
  File "/root/Practo/juicer/utils.py", line 537, in process_spider_output
    result = list(result)
  File "/root/Practo/juicer/spiders/lybrate_doctorsapi_browse.py", line 113, in parse_next
    if feed_li:
IndexError: list index out of range
20180927074322.825: engine.py: 240: _on_success: DEBUG: Crawled (200) <GET https://www.lybrate.com/get/ba/doctors/facet/v2?ampPage=false&cityName=warangal&currentLocation=false&ffR=false&find=&isClinicSearch=false&%20%20%20%20isHospitalSearch=false&near=&page=3&seoRequest=false&sortBy=BMS&source=FNB&totalPages=&zipSearch=false> (referer: https://www.lybrate.com/get/ba/doctors/facet/v2?ampPage=false&cityName=India&currentLocation=false&ffR=false&find=&isClinicSearch=false&isHospitalSearch=false&near=&page=1&seoRequest=false&sortBy=BMS&source=FNB&totalPages=&zipSearch=false)
20180927074322.928: scraper.py: 158: handle_spider_error: ERROR: Spider error processing <GET https://www.lybrate.com/get/ba/doctors/facet/v2?ampPage=false&cityName=warangal&currentLocation=false&ffR=false&find=&isClinicSearch=false&%20%20%20%20isHospitalSearch=false&near=&page=3&seoRequest=false&sortBy=BMS&source=FNB&totalPages=&zipSearch=false> (referer: https://www.lybrate.com/get/ba/doctors/facet/v2?ampPage=false&cityName=India&currentLocation=false&ffR=false&find=&isClinicSearch=false&isHospitalSearch=false&near=&page=1&seoRequest=false&sortBy=BMS&source=FNB&totalPages=&zipSearch=false)
Traceback (most recent call last):
  File "/usr/local/lib/python2.7/dist-packages/twisted/internet/defer.py", line 588, in _runCallbacks
    current.result = callback(current.result, *args, **kw)
  File "/usr/local/lib/python2.7/dist-packages/scrapy/core/spidermw.py", line 64, in process_spider_output
    result = method(response=response, result=result, spider=spider)
  File "/root/Practo/juicer/utils.py", line 537, in process_spider_output
    result = list(result)
  File "/root/Practo/juicer/spiders/lybrate_doctorsapi_browse.py", line 113, in parse_next
    if feed_li:
IndexError: list index out of range
20180927074323.28: engine.py: 297: close_spider: INFO: Closing spider (finished)
20180927074323.29: utils.py: 107: close_conn: INFO: Close MySQL Cursor Function Called
20180927074323.29: utils.py: 109: close_conn: INFO: Successfully Closed MySQL Connection
20180927074323.31: statscollectors.py: 47: close_spider: INFO: Dumping Scrapy stats:
{'downloader/request_bytes': 7558,
 'downloader/request_count': 8,
 'downloader/request_method_count/GET': 8,
 'downloader/response_bytes': 239694,
 'downloader/response_count': 8,
 'downloader/response_status_count/200': 8,
 'finish_reason': 'finished',
 'finish_time': datetime.datetime(2018, 9, 27, 11, 43, 23, 29155),
 'httpcache/firsthand': 1,
 'httpcache/hit': 7,
 'httpcache/miss': 1,
 'httpcache/store': 1,
 'log_count/ERROR': 5,
 'log_count/INFO': 10,
 'log_count/WARNING': 1,
 'request_depth_max': 1,
 'response_received_count': 8,
 'scheduler/dequeued': 7,
 'scheduler/dequeued/memory': 7,
 'scheduler/enqueued': 7,
 'scheduler/enqueued/memory': 7,
 'spider_exceptions/IndexError': 5,
 'start_time': datetime.datetime(2018, 9, 27, 11, 42, 58, 348498)}
20180927074323.31: engine.py: 328: <lambda>: INFO: Spider closed (finished)
20180927074416.89: utils.py: 145: ensure_tables: INFO: Tables: askapollo_crawl - askapollo_sections Newly Created.
20180927074416.91: deprecate.py: 156: update_classpath: WARNING: /usr/local/lib/python2.7/dist-packages/scrapy/utils/deprecate.py:156: ScrapyDeprecationWarning: `scrapy.contrib.downloadermiddleware.useragent.UserAgentMiddleware` class is deprecated, use `scrapy.downloadermiddlewares.useragent.UserAgentMiddleware` instead
  ScrapyDeprecationWarning)

20180927074416.112: middleware.py: 53: from_settings: INFO: Enabled downloader middlewares:
['scrapy.downloadermiddlewares.robotstxt.RobotsTxtMiddleware',
 'scrapy.downloadermiddlewares.httpauth.HttpAuthMiddleware',
 'scrapy.downloadermiddlewares.downloadtimeout.DownloadTimeoutMiddleware',
 'scrapy.downloadermiddlewares.defaultheaders.DefaultHeadersMiddleware',
 'juicer.utils.RandomUserAgentMiddleware',
 'scrapy.downloadermiddlewares.retry.RetryMiddleware',
 'scrapy.downloadermiddlewares.redirect.MetaRefreshMiddleware',
 'scrapy.downloadermiddlewares.httpcompression.HttpCompressionMiddleware',
 'scrapy.downloadermiddlewares.redirect.RedirectMiddleware',
 'scrapy.downloadermiddlewares.cookies.CookiesMiddleware',
 'scrapy.downloadermiddlewares.stats.DownloaderStats',
 'scrapy.downloadermiddlewares.httpcache.HttpCacheMiddleware']
20180927074416.113: middleware.py: 53: from_settings: INFO: Enabled spider middlewares:
['scrapy.spidermiddlewares.httperror.HttpErrorMiddleware',
 'scrapy.spidermiddlewares.offsite.OffsiteMiddleware',
 'scrapy.spidermiddlewares.referer.RefererMiddleware',
 'scrapy.spidermiddlewares.urllength.UrlLengthMiddleware',
 'scrapy.spidermiddlewares.depth.DepthMiddleware',
 'juicer.utils.SpiderMiddleware']
20180927074416.118: middleware.py: 53: from_settings: INFO: Enabled item pipelines:
['juicer.pipelines.JuicerPipeline']
20180927074416.119: engine.py: 258: open_spider: INFO: Spider opened
20180927074416.121: logstats.py: 48: log: INFO: Crawled 0 pages (at 0 pages/min), scraped 0 items (at 0 items/min)
20180927074417.240: engine.py: 240: _on_success: DEBUG: Crawled (200) <GET https://www.askapollo.com/robots.txt> (referer: None)
20180927074504.349: engine.py: 240: _on_success: DEBUG: Crawled (200) <GET https://www.askapollo.com/physical-appointment/doctorsearch/chennai?page=1> (referer: None)
20180927074505.308: dupefilters.py: 70: log: DEBUG: Filtered duplicate request: <GET https://www.askapollo.com/physical-appointment/doctorsearch/chennai?page=1> - no more duplicates will be shown (see DUPEFILTER_DEBUG to show all duplicates)
20180927074516.121: logstats.py: 48: log: INFO: Crawled 2 pages (at 2 pages/min), scraped 0 items (at 0 items/min)
20180927074527.895: retry.py: 68: _retry: DEBUG: Retrying <GET https://www.askapollo.com/physical-appointment/doctorsearch/chennai?page=16> (failed 1 times): Connection was refused by other side: 111: Connection refused.
20180927074551.351: engine.py: 240: _on_success: DEBUG: Crawled (200) <GET https://www.askapollo.com/physical-appointment/doctorsearch/chennai?page=15> (referer: https://www.askapollo.com/physical-appointment/doctorsearch/chennai?page=1)
20180927074556.577: engine.py: 240: _on_success: DEBUG: Crawled (200) <GET https://www.askapollo.com/physical-appointment/doctorsearch/chennai?page=14> (referer: https://www.askapollo.com/physical-appointment/doctorsearch/chennai?page=1)
20180927074608.458: retry.py: 68: _retry: DEBUG: Retrying <GET https://www.askapollo.com/physical-appointment/doctorsearch/chennai?page=18> (failed 1 times): TCP connection timed out: 110: Connection timed out.
20180927074613.203: engine.py: 240: _on_success: DEBUG: Crawled (200) <GET https://www.askapollo.com/physical-appointment/doctorsearch/chennai?page=13> (referer: https://www.askapollo.com/physical-appointment/doctorsearch/chennai?page=1)
20180927074616.121: logstats.py: 48: log: INFO: Crawled 5 pages (at 3 pages/min), scraped 0 items (at 0 items/min)
20180927074620.126: retry.py: 68: _retry: DEBUG: Retrying <GET https://www.askapollo.com/physical-appointment/doctorsearch/chennai?page=12> (failed 1 times): Connection was refused by other side: 111: Connection refused.
20180927074622.724: retry.py: 68: _retry: DEBUG: Retrying <GET https://www.askapollo.com/physical-appointment/doctorsearch/chennai?page=17> (failed 1 times): TCP connection timed out: 110: Connection timed out.
20180927074633.388: engine.py: 240: _on_success: DEBUG: Crawled (200) <GET https://www.askapollo.com/physical-appointment/doctorsearch/chennai?page=11> (referer: https://www.askapollo.com/physical-appointment/doctorsearch/chennai?page=1)
20180927074646.774: retry.py: 68: _retry: DEBUG: Retrying <GET https://www.askapollo.com/physical-appointment/doctorsearch/chennai?page=10> (failed 1 times): Connection was refused by other side: 111: Connection refused.
20180927074659.722: engine.py: 240: _on_success: DEBUG: Crawled (200) <GET https://www.askapollo.com/physical-appointment/doctorsearch/chennai?page=9> (referer: https://www.askapollo.com/physical-appointment/doctorsearch/chennai?page=1)
20180927074707.369: engine.py: 240: _on_success: DEBUG: Crawled (200) <GET https://www.askapollo.com/physical-appointment/doctorsearch/chennai?page=8> (referer: https://www.askapollo.com/physical-appointment/doctorsearch/chennai?page=1)
20180927074716.121: logstats.py: 48: log: INFO: Crawled 8 pages (at 3 pages/min), scraped 0 items (at 0 items/min)
20180927074723.988: engine.py: 240: _on_success: DEBUG: Crawled (200) <GET https://www.askapollo.com/physical-appointment/doctorsearch/chennai?page=7> (referer: https://www.askapollo.com/physical-appointment/doctorsearch/chennai?page=1)
20180927074730.967: engine.py: 240: _on_success: DEBUG: Crawled (200) <GET https://www.askapollo.com/physical-appointment/doctorsearch/chennai?page=6> (referer: https://www.askapollo.com/physical-appointment/doctorsearch/chennai?page=1)
20180927074737.87: retry.py: 68: _retry: DEBUG: Retrying <GET https://www.askapollo.com/physical-appointment/doctorsearch/chennai?page=5> (failed 1 times): Connection was refused by other side: 111: Connection refused.
20180927074801.601: engine.py: 240: _on_success: DEBUG: Crawled (200) <GET https://www.askapollo.com/physical-appointment/doctorsearch/chennai?page=3> (referer: https://www.askapollo.com/physical-appointment/doctorsearch/chennai?page=1)
20180927074811.613: engine.py: 240: _on_success: DEBUG: Crawled (200) <GET https://www.askapollo.com/physical-appointment/doctorsearch/chennai?page=89> (referer: https://www.askapollo.com/physical-appointment/doctorsearch/chennai?page=1)
20180927074816.121: logstats.py: 48: log: INFO: Crawled 12 pages (at 4 pages/min), scraped 0 items (at 0 items/min)
20180927074822.384: engine.py: 240: _on_success: DEBUG: Crawled (200) <GET https://www.askapollo.com/physical-appointment/doctorsearch/chennai?page=88> (referer: https://www.askapollo.com/physical-appointment/doctorsearch/chennai?page=1)
20180927074835.399: engine.py: 240: _on_success: DEBUG: Crawled (200) <GET https://www.askapollo.com/physical-appointment/doctorsearch/chennai?page=87> (referer: https://www.askapollo.com/physical-appointment/doctorsearch/chennai?page=1)
20180927074850.96: engine.py: 240: _on_success: DEBUG: Crawled (200) <GET https://www.askapollo.com/physical-appointment/doctorsearch/chennai?page=86> (referer: https://www.askapollo.com/physical-appointment/doctorsearch/chennai?page=1)
20180927074854.541: retry.py: 68: _retry: DEBUG: Retrying <GET https://www.askapollo.com/physical-appointment/doctorsearch/chennai?page=4> (failed 1 times): TCP connection timed out: 110: Connection timed out.
20180927074859.479: engine.py: 240: _on_success: DEBUG: Crawled (200) <GET https://www.askapollo.com/physical-appointment/doctorsearch/chennai?page=85> (referer: https://www.askapollo.com/physical-appointment/doctorsearch/chennai?page=1)
20180927074914.141: engine.py: 240: _on_success: DEBUG: Crawled (200) <GET https://www.askapollo.com/physical-appointment/doctorsearch/chennai?page=84> (referer: https://www.askapollo.com/physical-appointment/doctorsearch/chennai?page=1)
20180927074916.121: logstats.py: 48: log: INFO: Crawled 17 pages (at 5 pages/min), scraped 0 items (at 0 items/min)
20180927074929.550: engine.py: 240: _on_success: DEBUG: Crawled (200) <GET https://www.askapollo.com/physical-appointment/doctorsearch/chennai?page=83> (referer: https://www.askapollo.com/physical-appointment/doctorsearch/chennai?page=1)
